2025-06-10 15:17:56,877 - INFO - Drift Detected: True | Score: 4.1490
2025-06-10 15:17:56,951 - INFO - Retraining triggered due to detected drift.
2025-06-10 15:18:49,627 - INFO - Drift Detected: True | Score: 4.1490
2025-06-10 15:18:49,724 - INFO - Retraining triggered due to detected drift.
2025-06-10 15:20:36,079 - INFO - Drift Detected: True | Score: 4.1490
2025-06-10 15:20:36,200 - INFO - Retraining triggered due to detected drift.
2025-06-10 15:30:27,634 - INFO - Drift Detected: True | Score: 4.1490
2025-06-10 15:30:27,708 - INFO - Retraining triggered due to detected drift.
2025-06-10 15:34:26,292 - INFO - Drift Detected: True | Score: 4.1490
2025-06-10 15:34:26,363 - INFO - Retraining triggered due to detected drift.
2025-06-10 15:38:12,296 - INFO - Drift Detected: True | Score: 4.1490
2025-06-10 15:38:12,364 - INFO - Retraining triggered due to detected drift.
2025-06-10 15:40:20,664 - INFO - Drift Detected: True | Score: 4.1490
2025-06-10 15:40:20,738 - INFO - Retraining triggered due to detected drift.
2025-06-10 15:41:09,469 - INFO - Drift Detected: True | Score: 4.1490
2025-06-10 15:41:09,551 - INFO - Retraining triggered due to detected drift.
2025-06-10 15:43:26,812 - INFO - Drift Detected: True | Score: 4.1490
2025-06-10 15:43:26,887 - INFO - Retraining triggered due to detected drift.
2025-06-10 15:44:10,256 - INFO - Drift Detected: True | Score: 4.1490
2025-06-10 15:44:10,326 - INFO - Retraining triggered due to detected drift.
2025-06-10 15:48:07,151 - INFO - Drift Detected: True | Score: 4.1490
2025-06-10 15:48:07,313 - INFO - Retraining triggered due to detected drift.
2025-06-10 15:50:14,038 - INFO - Drift Detected: True | Score: 4.1490
2025-06-10 15:50:14,110 - INFO - Retraining triggered due to detected drift.
2025-06-11 12:41:28,202 - INFO - Drift Detected: True | Score: 4.1490
2025-06-11 12:41:28,270 - INFO - Retraining triggered due to detected drift.
2025-06-11 14:31:22,430 - INFO - Drift Detected: True | Score: 4.1490
2025-06-11 14:31:22,538 - INFO - Retraining triggered due to detected drift.
2025-06-11 16:40:14,175 - INFO - Drift Detected: True | Score: 4.1490
2025-06-11 16:40:14,340 - INFO - Retraining triggered due to detected drift.
2025-06-11 16:41:02,126 - INFO - Drift Detected: True | Score: 4.1490
2025-06-11 16:41:02,251 - INFO - Retraining triggered due to detected drift.
2025-06-11 16:41:38,027 - INFO - Drift Detected: True | Score: 4.1490
2025-06-11 16:41:38,169 - INFO - Retraining triggered due to detected drift.
2025-06-11 16:42:03,885 - INFO - Drift Detected: True | Score: 4.1490
2025-06-11 16:42:03,997 - INFO - Retraining triggered due to detected drift.
2025-06-11 17:14:59,682 - INFO - Drift Detected: True | Score: 4.1490
2025-06-11 17:14:59,790 - INFO - Retraining triggered due to detected drift.
2025-06-12 10:26:23,898 - INFO - Drift Detected: True | Score: 4.1490
2025-06-12 10:26:24,022 - INFO - Retraining triggered due to detected drift.
2025-06-12 15:42:53,600 - ERROR - Error in drift detection: DriftConfig.__init__() got an unexpected keyword argument 'data_path'
2025-06-12 15:43:19,624 - ERROR - Error in drift detection: DriftConfig.__init__() got an unexpected keyword argument 'data_path'
2025-06-12 16:00:30,022 - ERROR - Error in drift detection: DriftConfig.__init__() got an unexpected keyword argument 'data_path'
2025-06-12 16:03:43,990 - ERROR - Error in drift detection: ADWINDriftMonitoring.__init__() got an unexpected keyword argument 'db_path'
2025-06-12 16:03:44,851 - ERROR - Error in drift detection: ADWINDriftMonitoring.__init__() got an unexpected keyword argument 'db_path'
2025-06-12 16:15:28,499 - INFO - Drift Detected: True | Score: 4.1490
2025-06-12 16:43:29,052 - INFO - Drift Detected: True | Score: 4.1490
2025-06-12 16:43:29,175 - INFO - Retraining triggered due to detected drift.
2025-06-12 17:34:32,463 - ERROR - Error fetching trip score: 404: Trip not found
2025-06-13 11:44:18,180 - INFO - Drift Detected: True | Score: 4.1490
<<<<<<< HEAD
2025-06-13 15:40:29,291 - ERROR - Error in drift detection: Execution failed on sql 'SELECT * FROM SampleTable ORDER BY timestamp DESC LIMIT 1000': no such table: SampleTable
=======
2025-06-13 15:19:26,541 - INFO - Drift Detected: True | Score: 4.1490
2025-06-13 15:19:30,234 - INFO - Drift Detected: True | Score: 4.1490
2025-06-13 15:28:23,055 - INFO - Drift Detected: True | Score: 4.1490
2025-06-13 15:28:25,853 - INFO - Drift Detected: True | Score: 4.1490
2025-06-13 15:33:28,759 - INFO - Drift Detected: True | Score: 4.1490
2025-06-13 15:33:28,762 - INFO - Starting model retraining...
2025-06-13 15:33:31,062 - INFO - Model vvv1.0.2 deployed.
2025-06-13 15:33:31,739 - INFO - Drift Detected: True | Score: 4.1490
2025-06-13 15:33:31,741 - INFO - Starting model retraining...
2025-06-13 15:33:33,901 - INFO - Model vvvv1.0.3 deployed.
2025-06-13 15:34:26,592 - INFO - Drift Detected: True | Score: 4.1490
2025-06-13 15:34:29,131 - INFO - Drift Detected: True | Score: 4.1490
2025-06-13 15:37:11,706 - INFO - Drift Detected: True | Score: 4.1490
2025-06-13 16:55:17,991 - ERROR - Error fetching trip score: 404: Trip not found
2025-06-13 16:56:08,373 - ERROR - Error fetching trip score: 404: Trip not found
2025-06-13 16:56:09,275 - ERROR - Error fetching trip score: 404: Trip not found
2025-06-13 16:56:10,155 - ERROR - Error fetching trip score: 404: Trip not found
2025-06-13 16:56:11,708 - ERROR - Error fetching trip score: 404: Trip not found
>>>>>>> 7999eb1c0246625b03337eca128b43b8c82b4bf3
2025-06-16 12:01:12,252 - ERROR - Error in drift detection: ADWINDriftMonitoring.__init__() got an unexpected keyword argument 'db_path'
2025-06-16 12:14:01,597 - ERROR - Error in drift detection: ADWINDriftMonitoring.__init__() got an unexpected keyword argument 'db_path'
